Using pre-set license
Built from '2020.3/staging' branch; Version is '2020.3.28f1 (f5400f52e03f) revision 16072719'; Using compiler version '192528614'; Build Type 'Release'
OS: 'Windows 10  (10.0.19042) 64bit CoreSingleLanguage' Language: 'pt' Physical Memory: 8071 MB
BatchMode: 1, IsHumanControllingUs: 0, StartBugReporterOnCrash: 0, Is64bit: 1, IsPro: 0

COMMAND LINE ARGUMENTS:
C:\Program Files\Unity\Hub\Editor\2020.3.28f1\Editor\Unity.exe
-adb2
-batchMode
-noUpm
-name
AssetImportWorker1
-projectPath
C:/Users/tiago/OneDrive/Documentos/GitHub/Grappling-Hook/GrapplingHook
-logFile
Logs/AssetImportWorker1.log
-srvPort
60052
Successfully changed project path to: C:/Users/tiago/OneDrive/Documentos/GitHub/Grappling-Hook/GrapplingHook
C:/Users/tiago/OneDrive/Documentos/GitHub/Grappling-Hook/GrapplingHook
Using Asset Import Pipeline V2.
Refreshing native plugins compatible for Editor in 42.83 ms, found 2 plugins.
Preloading 0 native plugins for Editor in 0.00 ms.
Initialize engine version: 2020.3.28f1 (f5400f52e03f)
[Subsystems] Discovering subsystems at path C:/Program Files/Unity/Hub/Editor/2020.3.28f1/Editor/Data/Resources/UnitySubsystems
[Subsystems] Discovering subsystems at path C:/Users/tiago/OneDrive/Documentos/GitHub/Grappling-Hook/GrapplingHook/Assets
GfxDevice: creating device client; threaded=0
Direct3D:
    Version:  Direct3D 11.0 [level 11.1]
    Renderer: NVIDIA GeForce GTX 1050 (ID=0x1c91)
    Vendor:   
    VRAM:     2996 MB
    Driver:   30.0.14.7212
Initialize mono
Mono path[0] = 'C:/Program Files/Unity/Hub/Editor/2020.3.28f1/Editor/Data/Managed'
Mono path[1] = 'C:/Program Files/Unity/Hub/Editor/2020.3.28f1/Editor/Data/MonoBleedingEdge/lib/mono/unityjit'
Mono config path = 'C:/Program Files/Unity/Hub/Editor/2020.3.28f1/Editor/Data/MonoBleedingEdge/etc'
Using monoOptions --debugger-agent=transport=dt_socket,embedding=1,server=y,suspend=n,address=127.0.0.1:56508
Begin MonoManager ReloadAssembly
Registering precompiled unity dll's ...
Register platform support module: C:/Program Files/Unity/Hub/Editor/2020.3.28f1/Editor/Data/PlaybackEngines/WindowsStandaloneSupport/UnityEditor.WindowsStandalone.Extensions.dll
Registered in 0.002508 seconds.
Native extension for WindowsStandalone target not found
Refreshing native plugins compatible for Editor in 49.50 ms, found 2 plugins.
Preloading 0 native plugins for Editor in 0.00 ms.
Mono: successfully reloaded assembly
- Completed reload, in  0.783 seconds
Domain Reload Profiling:
	ReloadAssembly (783ms)
		BeginReloadAssembly (116ms)
			ExecutionOrderSort (0ms)
			DisableScriptedObjects (0ms)
			BackupInstance (0ms)
			ReleaseScriptingObjects (0ms)
			CreateAndSetChildDomain (1ms)
		EndReloadAssembly (560ms)
			LoadAssemblies (113ms)
			RebuildTransferFunctionScriptingTraits (0ms)
			SetupTypeCache (184ms)
			ReleaseScriptCaches (0ms)
			RebuildScriptCaches (39ms)
			SetupLoadedEditorAssemblies (210ms)
				LogAssemblyErrors (0ms)
				InitializePlatformSupportModulesInManaged (8ms)
				SetLoadedEditorAssemblies (0ms)
				RefreshPlugins (50ms)
				BeforeProcessingInitializeOnLoad (22ms)
				ProcessInitializeOnLoadAttributes (97ms)
				ProcessInitializeOnLoadMethodAttributes (33ms)
				AfterProcessingInitializeOnLoad (0ms)
				EditorAssembliesLoaded (0ms)
			ExecutionOrderSort2 (0ms)
			AwakeInstancesAfterBackupRestoration (0ms)
Platform modules already initialized, skipping
Registering precompiled user dll's ...
Registered in 0.005413 seconds.
Begin MonoManager ReloadAssembly
Native extension for WindowsStandalone target not found
Refreshing native plugins compatible for Editor in 0.60 ms, found 2 plugins.
Preloading 0 native plugins for Editor in 0.00 ms.
Mono: successfully reloaded assembly
- Completed reload, in  2.090 seconds
Domain Reload Profiling:
	ReloadAssembly (2091ms)
		BeginReloadAssembly (208ms)
			ExecutionOrderSort (0ms)
			DisableScriptedObjects (4ms)
			BackupInstance (0ms)
			ReleaseScriptingObjects (0ms)
			CreateAndSetChildDomain (31ms)
		EndReloadAssembly (1789ms)
			LoadAssemblies (141ms)
			RebuildTransferFunctionScriptingTraits (0ms)
			SetupTypeCache (248ms)
			ReleaseScriptCaches (0ms)
			RebuildScriptCaches (54ms)
			SetupLoadedEditorAssemblies (1275ms)
				LogAssemblyErrors (0ms)
				InitializePlatformSupportModulesInManaged (8ms)
				SetLoadedEditorAssemblies (1ms)
				RefreshPlugins (1ms)
				BeforeProcessingInitializeOnLoad (115ms)
				ProcessInitializeOnLoadAttributes (1134ms)
				ProcessInitializeOnLoadMethodAttributes (9ms)
				AfterProcessingInitializeOnLoad (9ms)
				EditorAssembliesLoaded (0ms)
			ExecutionOrderSort2 (0ms)
			AwakeInstancesAfterBackupRestoration (6ms)
Platform modules already initialized, skipping
========================================================================
Worker process is ready to serve import requests
Launched and connected shader compiler UnityShaderCompiler.exe after 0.15 seconds
Refreshing native plugins compatible for Editor in 0.38 ms, found 2 plugins.
Preloading 0 native plugins for Editor in 0.00 ms.
Unloading 1659 Unused Serialized files (Serialized files now loaded: 0)
System memory in use before: 73.8 MB.
System memory in use after: 73.9 MB.

Unloading 18 unused Assets to reduce memory usage. Loaded Objects now: 2103.
Total: 2.976900 ms (FindLiveObjects: 0.141600 ms CreateObjectMapping: 0.053900 ms MarkObjects: 2.719100 ms  DeleteObjects: 0.061500 ms)

AssetImportParameters requested are different than current active one (requested -> active):
  custom:framework-win-MediaFoundation: 216162199b28c13a410421893ffa2e32 -> 
  custom:video-decoder-ogg-theora: a1e56fd34408186e4bbccfd4996cb3dc -> 
  custom:container-muxer-webm: aa71ff27fc2769a1b78a27578f13a17b -> 
  custom:container-demuxer-webm: 4f35f7cbe854078d1ac9338744f61a02 -> 
  custom:container-demuxer-ogg: 62fdf1f143b41e24485cea50d1cbac27 -> 
  custom:video-encoder-webm-vp8: eb34c28f22e8b96e1ab97ce403110664 -> 
  custom:video-codec-MediaFoundation-h265: 746d11721c4dcdbdad8f713fa42b33f4 -> 
  custom:video-decoder-webm-vp8: 9c59270c3fd7afecdb556c50c9e8de78 -> 
  custom:audio-decoder-ogg-vorbis: bf7c407c2cedff20999df2af8eb42d56 -> 
  custom:audio-encoder-webm-vorbis: bf7c407c2cedff20999df2af8eb42d56 -> 
========================================================================
Received Import Request.
  path: Assets/Skybox/Classic
  artifactKey: Guid(69ee00d9176dabc4687615071b161c20) Importer(815301076,1909f56bfc062723c751e8b465ee728b)
Start importing Assets/Skybox/Classic using Guid(69ee00d9176dabc4687615071b161c20) Importer(815301076,1909f56bfc062723c751e8b465ee728b)  -> (artifact id: 'eae2aaa33424365f031d24e4eae579e1') in 0.004689 seconds 
  Import took 0.177465 seconds .

========================================================================
Received Import Request.
  Time since last request: 1.609770 seconds.
  path: Assets/AssetStoreTools/Editor/AssetStoreTools.dll
  artifactKey: Guid(db89eddc1931309408191e6d4644d3c7) Importer(815301076,1909f56bfc062723c751e8b465ee728b)
Start importing Assets/AssetStoreTools/Editor/AssetStoreTools.dll using Guid(db89eddc1931309408191e6d4644d3c7) Importer(815301076,1909f56bfc062723c751e8b465ee728b)  -> (artifact id: '122d8310b2b0f432b3bb844a4ac63656') in 0.177708 seconds 
  Import took 0.195209 seconds .

========================================================================
Received Import Request.
  Time since last request: 0.260201 seconds.
  path: Assets/Skybox/FS002
  artifactKey: Guid(c862ef60191075042a6f4ac7dd6f19b1) Importer(815301076,1909f56bfc062723c751e8b465ee728b)
Start importing Assets/Skybox/FS002 using Guid(c862ef60191075042a6f4ac7dd6f19b1) Importer(815301076,1909f56bfc062723c751e8b465ee728b)  -> (artifact id: '400298d733d738fb905a1e2e1e57e851') in 0.001848 seconds 
  Import took 0.030361 seconds .

========================================================================
Received Import Request.
  Time since last request: 1.471339 seconds.
  path: Assets/Scenes
  artifactKey: Guid(2077167baf6a53e4db068932abdf4693) Importer(815301076,1909f56bfc062723c751e8b465ee728b)
Start importing Assets/Scenes using Guid(2077167baf6a53e4db068932abdf4693) Importer(815301076,1909f56bfc062723c751e8b465ee728b)  -> (artifact id: 'b4a4c0eb3a933353f20b251ccf1d8003') in 0.012198 seconds 
  Import took 0.032029 seconds .

========================================================================
Received Import Request.
  Time since last request: 0.527991 seconds.
  path: Assets/AssetStoreTools/Editor
  artifactKey: Guid(cf7638d43c18cec40b4b9312969b5378) Importer(815301076,1909f56bfc062723c751e8b465ee728b)
Start importing Assets/AssetStoreTools/Editor using Guid(cf7638d43c18cec40b4b9312969b5378) Importer(815301076,1909f56bfc062723c751e8b465ee728b)  -> (artifact id: '5f19736748dacca330f0db031747ea05') in 0.004375 seconds 
  Import took 0.037836 seconds .

========================================================================
Received Import Request.
  Time since last request: 1.465494 seconds.
  path: Assets/Scripts/MoveCamera.cs
  artifactKey: Guid(1172385ec05f4ed418fcb512a3b3018a) Importer(815301076,1909f56bfc062723c751e8b465ee728b)
Start importing Assets/Scripts/MoveCamera.cs using Guid(1172385ec05f4ed418fcb512a3b3018a) Importer(815301076,1909f56bfc062723c751e8b465ee728b)  -> (artifact id: 'e64ea511a5fb51ca8cb26afe0793508f') in 0.099057 seconds 
  Import took 0.123052 seconds .

========================================================================
Received Import Request.
  Time since last request: 0.592519 seconds.
  path: Assets/Scenes/SampleScene.unity
  artifactKey: Guid(9fc0d4010bbf28b4594072e72b8655ab) Importer(815301076,1909f56bfc062723c751e8b465ee728b)
Start importing Assets/Scenes/SampleScene.unity using Guid(9fc0d4010bbf28b4594072e72b8655ab) Importer(815301076,1909f56bfc062723c751e8b465ee728b)  -> (artifact id: '970c378ca3cd45523c93866161d9ec5f') in 0.011329 seconds 
  Import took 0.036888 seconds .

========================================================================
Received Import Request.
  Time since last request: 0.037398 seconds.
  path: Assets/Scripts/RotateGun.cs
  artifactKey: Guid(7e4402d12b88042469466331a6255968) Importer(815301076,1909f56bfc062723c751e8b465ee728b)
Start importing Assets/Scripts/RotateGun.cs using Guid(7e4402d12b88042469466331a6255968) Importer(815301076,1909f56bfc062723c751e8b465ee728b)  -> (artifact id: '9e85b95726369b0386d6a40e9551d0c6') in 0.001858 seconds 
  Import took 0.028054 seconds .

========================================================================
Received Import Request.
  Time since last request: 0.820553 seconds.
  path: Assets/Skybox/FS003
  artifactKey: Guid(19ee5fc36da208d45b86eb47e0f34cbd) Importer(815301076,1909f56bfc062723c751e8b465ee728b)
Start importing Assets/Skybox/FS003 using Guid(19ee5fc36da208d45b86eb47e0f34cbd) Importer(815301076,1909f56bfc062723c751e8b465ee728b)  -> (artifact id: 'c22b4f9e4cdfe3824d33d4ac878dc642') in 0.001735 seconds 
  Import took 0.028539 seconds .

========================================================================
Received Import Request.
  Time since last request: 0.116048 seconds.
  path: Assets/Skybox/FS017
  artifactKey: Guid(9ae9a043594a6d741a2956119b230b43) Importer(815301076,1909f56bfc062723c751e8b465ee728b)
Start importing Assets/Skybox/FS017 using Guid(9ae9a043594a6d741a2956119b230b43) Importer(815301076,1909f56bfc062723c751e8b465ee728b)  -> (artifact id: '02677de8ffcf3a3421da61a5a6d10ebb') in 0.004466 seconds 
  Import took 0.031657 seconds .

========================================================================
Received Import Request.
  Time since last request: 0.041158 seconds.
  path: Assets/AssetStoreTools
  artifactKey: Guid(8466fccc5fcd4d74ea48c2a9411d446d) Importer(815301076,1909f56bfc062723c751e8b465ee728b)
Start importing Assets/AssetStoreTools using Guid(8466fccc5fcd4d74ea48c2a9411d446d) Importer(815301076,1909f56bfc062723c751e8b465ee728b)  -> (artifact id: '6036d280d9252981b2cbc5cbb183f21c') in 0.001850 seconds 
  Import took 0.027833 seconds .

========================================================================
Received Import Request.
  Time since last request: 1.450142 seconds.
  path: Assets/Scripts/GrapplingGun.cs
  artifactKey: Guid(7b0e7b45bf0309d4ab0144925eb5c8b3) Importer(815301076,1909f56bfc062723c751e8b465ee728b)
Start importing Assets/Scripts/GrapplingGun.cs using Guid(7b0e7b45bf0309d4ab0144925eb5c8b3) Importer(815301076,1909f56bfc062723c751e8b465ee728b)  -> (artifact id: '23bd1115817ffd57ea8727f5267413db') in 0.002684 seconds 
  Import took 0.053748 seconds .

========================================================================
Received Import Request.
  Time since last request: 0.287659 seconds.
  path: Assets/Scripts/PlayerMovement.cs
  artifactKey: Guid(a29d40a84ad29d64bb6a05479d8a4287) Importer(815301076,1909f56bfc062723c751e8b465ee728b)
Start importing Assets/Scripts/PlayerMovement.cs using Guid(a29d40a84ad29d64bb6a05479d8a4287) Importer(815301076,1909f56bfc062723c751e8b465ee728b)  -> (artifact id: '8c4597b85770bf53843c9e6c92f1144c') in 0.005433 seconds 
  Import took 0.029486 seconds .

========================================================================
Received Import Request.
  Time since last request: 0.051176 seconds.
  path: Assets/Skybox/FS013
  artifactKey: Guid(f11fc5ca5a0603d4f96f98c92e7cb7f2) Importer(815301076,1909f56bfc062723c751e8b465ee728b)
Start importing Assets/Skybox/FS013 using Guid(f11fc5ca5a0603d4f96f98c92e7cb7f2) Importer(815301076,1909f56bfc062723c751e8b465ee728b)  -> (artifact id: '1550531d81bd775d4fa7ccc108f99bc0') in 0.002152 seconds 
  Import took 0.014971 seconds .

AssetImportWorkerClient::OnTransportError - code=2 error=End of file
